2022-10-27 08:16:11,420 [Worker-6: Loading available Gradle versions] INFO  o.e.b.c.i.u.g.PublishedGradleVersions - Gradle version information cache is up-to-date. Trying to read.
2022-10-27 08:19:49,170 [Worker-4: Launching mavenrun-4940365a-8981-4dba-8fca-c37fd783ecce] INFO  o.e.m.i.launch.MavenLaunchDelegate - C:\Users\TAAL\Desktop\MVC
2022-10-27 08:19:49,176 [Worker-4: Launching mavenrun-4940365a-8981-4dba-8fca-c37fd783ecce] INFO  o.e.m.i.launch.MavenLaunchDelegate -  mvn -DarchetypeVersion=1.0.2 -Dpackage=com.gft.milhas -DarchetypeGroupId=co.ntier -DarchetypeArtifactId=spring-mvc-archetype -DgroupId=projeto-milhas -DartifactId=projeto-milhas -DoutputDirectory=C:\Users\TAAL\Desktop\MVC -Dversion=0.0.1-SNAPSHOT -Dstyle.color=always -U archetype:generate
2022-10-27 08:29:41,376 [Worker-7: Import Getting Started Content] INFO  o.e.m.c.i.l.LifecycleMappingFactory - Using org.eclipse.m2e.jdt.JarLifecycleMapping lifecycle mapping for MavenProject: com.gft.milhas:projeto-milhas:0.0.1-SNAPSHOT @ C:\Users\TAAL\Desktop\MVC\projeto-milhas\pom.xml.
2022-10-27 08:29:42,873 [Worker-7: Import Getting Started Content] INFO  o.e.m.j.i.AbstractJavaProjectConfigurator - Adding source folder /projeto-milhas/src/main/java
2022-10-27 08:29:42,874 [Worker-7: Import Getting Started Content] INFO  o.e.m.j.i.AbstractJavaProjectConfigurator - Adding resource folder /projeto-milhas/src/main/resources
2022-10-27 08:29:42,884 [Worker-7: Import Getting Started Content] INFO  o.e.m.j.i.AbstractJavaProjectConfigurator - Adding resource folder /projeto-milhas/src/main/resources
2022-10-27 08:29:42,894 [Worker-7: Import Getting Started Content] INFO  o.e.m.j.i.AbstractJavaProjectConfigurator - Adding source folder /projeto-milhas/src/test/java
2022-10-27 08:29:43,935 [Worker-7: Import Getting Started Content] INFO  o.e.m.c.i.p.ProjectConfigurationManager - Imported and configured 1 project(s) in 3 sec
2022-10-27 08:29:43,940 [Worker-7: Import Getting Started Content] INFO  o.e.m.c.i.p.ProjectConfigurationManager - Update started
2022-10-27 08:29:44,373 [Worker-7: Import Getting Started Content] INFO  o.e.m.c.i.l.LifecycleMappingFactory - Using org.eclipse.m2e.jdt.JarLifecycleMapping lifecycle mapping for MavenProject: com.gft.milhas:projeto-milhas:0.0.1-SNAPSHOT @ C:\Users\TAAL\Desktop\MVC\projeto-milhas\pom.xml.
2022-10-27 08:29:45,082 [Worker-7: Import Getting Started Content] INFO  o.e.m.j.i.AbstractJavaProjectConfigurator - Adding source folder /projeto-milhas/src/main/java
2022-10-27 08:29:45,083 [Worker-7: Import Getting Started Content] INFO  o.e.m.j.i.AbstractJavaProjectConfigurator - Adding resource folder /projeto-milhas/src/main/resources
2022-10-27 08:29:45,083 [Worker-7: Import Getting Started Content] INFO  o.e.m.j.i.AbstractJavaProjectConfigurator - Adding resource folder /projeto-milhas/src/main/resources
2022-10-27 08:29:45,084 [Worker-7: Import Getting Started Content] INFO  o.e.m.j.i.AbstractJavaProjectConfigurator - Adding source folder /projeto-milhas/src/test/java
2022-10-27 08:29:45,824 [Worker-7: Import Getting Started Content] INFO  o.e.m.c.i.p.ProjectConfigurationManager - Update completed: 1 sec
2022-10-27 08:29:46,505 [Worker-7: Building] INFO  o.e.m.c.i.embedder.EclipseLogger - Using 'UTF-8' encoding to copy filtered resources.
2022-10-27 08:29:46,505 [Worker-7: Building] INFO  o.e.m.c.i.embedder.EclipseLogger - Using 'UTF-8' encoding to copy filtered properties files.
2022-10-27 08:29:46,510 [Worker-7: Building] INFO  o.e.m.c.i.embedder.EclipseLogger - Copying 1 resource
2022-10-27 08:29:46,527 [Worker-7: Building] INFO  o.e.m.c.i.embedder.EclipseLogger - Copying 0 resource
2022-10-27 08:29:46,532 [Worker-7: Building] INFO  o.e.m.c.i.embedder.EclipseLogger - Using 'UTF-8' encoding to copy filtered resources.
2022-10-27 08:29:46,532 [Worker-7: Building] INFO  o.e.m.c.i.embedder.EclipseLogger - Using 'UTF-8' encoding to copy filtered properties files.
2022-10-27 08:29:46,532 [Worker-7: Building] INFO  o.e.m.c.i.embedder.EclipseLogger - skip non existing resourceDirectory C:\Users\TAAL\Desktop\MVC\projeto-milhas\src\test\resources
2022-10-27 08:32:26,390 [Worker-7: Building] INFO  o.e.m.c.i.embedder.EclipseLogger - Using 'UTF-8' encoding to copy filtered resources.
2022-10-27 08:32:26,390 [Worker-7: Building] INFO  o.e.m.c.i.embedder.EclipseLogger - Using 'UTF-8' encoding to copy filtered properties files.
2022-10-27 08:32:26,392 [Worker-7: Building] INFO  o.e.m.c.i.embedder.EclipseLogger - Copying 0 resource
2022-10-27 08:32:26,392 [Worker-7: Building] INFO  o.e.m.c.i.embedder.EclipseLogger - Copying 1 resource
2022-10-27 08:32:26,401 [Worker-7: Building] INFO  o.e.m.c.i.embedder.EclipseLogger - Using 'UTF-8' encoding to copy filtered resources.
2022-10-27 08:32:26,402 [Worker-7: Building] INFO  o.e.m.c.i.embedder.EclipseLogger - Using 'UTF-8' encoding to copy filtered properties files.
2022-10-27 08:32:26,402 [Worker-7: Building] INFO  o.e.m.c.i.embedder.EclipseLogger - skip non existing resourceDirectory C:\Users\TAAL\Desktop\MVC\projeto-milhas\src\test\resources
2022-10-27 08:43:44,425 [Worker-5: Loading available Gradle versions] INFO  o.e.b.c.i.u.g.PublishedGradleVersions - Gradle version information cache is up-to-date. Trying to read.
